0 info it worked if it ends with ok
1 verbose cli [ '/usr/local/bin/node',
1 verbose cli   '/usr/local/bin/npm',
1 verbose cli   'install',
1 verbose cli   '--save',
1 verbose cli   'elasticSearch' ]
2 info using npm@1.4.28
3 info using node@v0.10.36
4 verbose readDependencies using package.json deps
5 verbose cache add [ 'elasticSearch', null ]
6 verbose cache add name=undefined spec="elasticSearch" args=["elasticSearch",null]
7 verbose parsed url { protocol: null,
7 verbose parsed url   slashes: null,
7 verbose parsed url   auth: null,
7 verbose parsed url   host: null,
7 verbose parsed url   port: null,
7 verbose parsed url   hostname: null,
7 verbose parsed url   hash: null,
7 verbose parsed url   search: null,
7 verbose parsed url   query: null,
7 verbose parsed url   pathname: 'elasticSearch',
7 verbose parsed url   path: 'elasticSearch',
7 verbose parsed url   href: 'elasticSearch' }
8 silly lockFile 22861a8b-elasticSearch elasticSearch
9 verbose lock elasticSearch /Users/christophertrev/.npm/22861a8b-elasticSearch.lock
10 silly lockFile 22861a8b-elasticSearch elasticSearch
11 silly lockFile 22861a8b-elasticSearch elasticSearch
12 verbose addNamed [ 'elasticSearch', '' ]
13 verbose addNamed [ null, '*' ]
14 silly lockFile ffab789c-elasticSearch elasticSearch@
15 verbose lock elasticSearch@ /Users/christophertrev/.npm/ffab789c-elasticSearch.lock
16 silly addNameRange { name: 'elasticSearch', range: '*', hasData: false }
17 verbose request where is /elasticSearch
18 verbose request registry https://registry.npmjs.org/
19 verbose request id b8d4018610935059
20 verbose url raw /elasticSearch
21 verbose url resolving [ 'https://registry.npmjs.org/', './elasticSearch' ]
22 verbose url resolved https://registry.npmjs.org/elasticSearch
23 verbose request where is https://registry.npmjs.org/elasticSearch
24 info trying registry request attempt 1 at 17:06:32
25 http GET https://registry.npmjs.org/elasticSearch
26 http 404 https://registry.npmjs.org/elasticSearch
27 verbose headers { date: 'Wed, 25 Feb 2015 01:06:33 GMT',
27 verbose headers   server: 'CouchDB/1.6.1 (Erlang OTP/R14B04)',
27 verbose headers   'content-type': 'application/json',
27 verbose headers   'cache-control': 'max-age=0',
27 verbose headers   'content-length': '52',
27 verbose headers   'accept-ranges': 'bytes',
27 verbose headers   via: '1.1 varnish',
27 verbose headers   age: '0',
27 verbose headers   'x-served-by': 'cache-sjc3134-SJC',
27 verbose headers   'x-cache': 'MISS',
27 verbose headers   'x-cache-hits': '0',
27 verbose headers   'x-timer': 'S1424826392.940227,VS0,VE91',
27 verbose headers   'keep-alive': 'timeout=10, max=50',
27 verbose headers   connection: 'Keep-Alive' }
28 silly registry.get cb [ 404,
28 silly registry.get   { date: 'Wed, 25 Feb 2015 01:06:33 GMT',
28 silly registry.get     server: 'CouchDB/1.6.1 (Erlang OTP/R14B04)',
28 silly registry.get     'content-type': 'application/json',
28 silly registry.get     'cache-control': 'max-age=0',
28 silly registry.get     'content-length': '52',
28 silly registry.get     'accept-ranges': 'bytes',
28 silly registry.get     via: '1.1 varnish',
28 silly registry.get     age: '0',
28 silly registry.get     'x-served-by': 'cache-sjc3134-SJC',
28 silly registry.get     'x-cache': 'MISS',
28 silly registry.get     'x-cache-hits': '0',
28 silly registry.get     'x-timer': 'S1424826392.940227,VS0,VE91',
28 silly registry.get     'keep-alive': 'timeout=10, max=50',
28 silly registry.get     connection: 'Keep-Alive' } ]
29 silly lockFile ffab789c-elasticSearch elasticSearch@
30 silly lockFile ffab789c-elasticSearch elasticSearch@
31 error 404 404 Not Found: elasticSearch
31 error 404
31 error 404 'elasticSearch' is not in the npm registry.
31 error 404 You should bug the author to publish it
31 error 404 It was specified as a dependency of 'trevit'
31 error 404
31 error 404 Note that you can also install from a
31 error 404 tarball, folder, or http url, or git url.
32 error System Darwin 14.0.0
33 error command "/usr/local/bin/node" "/usr/local/bin/npm" "install" "--save" "elasticSearch"
34 error cwd /Users/christophertrev/hackTime/trevit
35 error node -v v0.10.36
36 error npm -v 1.4.28
37 error code E404
38 verbose exit [ 1, true ]
